<?xml version="1.0" encoding="UTF-8"?>
<!-- Generated by org.testng.reporters.JUnitXMLReporter -->
<testsuite hostname="DESKTOP-LAO6R8V" ignored="4" name="Sanity Test" tests="1" failures="0" timestamp="2022-12-13T14:17:15 GMT" time="6.827" errors="0">
  <testcase name="bankManagerShouldAddCustomerSuccessfully" time="1.361" classname="com.way2automation.testsuite.BankTest"/>
  <testcase name="customerShouldLoginAndLogoutSuceessfully" time="0.0" classname="com.way2automation.testsuite.BankTest">
    <ignored/>
  </testcase> <!-- customerShouldLoginAndLogoutSuceessfully -->
  <testcase name="customerShouldDepositMoneySuccessfully" time="0.0" classname="com.way2automation.testsuite.BankTest">
    <ignored/>
  </testcase> <!-- customerShouldDepositMoneySuccessfully -->
  <testcase name="bankManagerShouldOpenAccountSuccessfully" time="0.0" classname="com.way2automation.testsuite.BankTest">
    <ignored/>
  </testcase> <!-- bankManagerShouldOpenAccountSuccessfully -->
  <testcase name="customerShouldWithdrawMoneySuccessfully" time="0.0" classname="com.way2automation.testsuite.BankTest">
    <ignored/>
  </testcase> <!-- customerShouldWithdrawMoneySuccessfully -->
</testsuite> <!-- Sanity Test -->
