<?xml version="1.0" encoding="UTF-8"?>
<testng-results skipped="0" failed="1" ignored="4" total="5" passed="0">
  <reporter-output>
    <line>
      <![CDATA[Enter first name : [[ChromeDriver: chrome on WINDOWS (b8244b65c6422c86152d2eca75c0ee52)] -> xpath: /html[1]/body[1]/div[3]/div[1]/div[2]/div[1]/div[2]/div[1]/div[1]/form[1]/div[1]/input[1]]]]>
    </line>
    <line>
      <![CDATA[Enter last name : [[ChromeDriver: chrome on WINDOWS (b8244b65c6422c86152d2eca75c0ee52)] -> xpath: //input[@placeholder='Last Name']]]]>
    </line>
    <line>
      <![CDATA[Enter postcode : [[ChromeDriver: chrome on WINDOWS (b8244b65c6422c86152d2eca75c0ee52)] -> xpath: //input[@placeholder='Post Code']]]]>
    </line>
    <line>
      <![CDATA[Click on add customer button : [[ChromeDriver: chrome on WINDOWS (b8244b65c6422c86152d2eca75c0ee52)] -> xpath: //button[text()='Add Customer']]]]>
    </line>
    <line>
      <![CDATA[Click to see screenshot]]>
    </line>
    <line>
      <![CDATA[<a target = "_blank" href=C:\Users\VidhiPrime\IdeaProjects\week15-page-factory-xyz-bank/test-output/html/bankManagerShouldOpenAccountSuccessfullyTue_Dec_13_14_19_01_GMT_2022.jpg>Screenshot</a>]]>
    </line>
    <line>
      <![CDATA[<br>]]>
    </line>
    <line>
      <![CDATA[<br>]]>
    </line>
    <line>
      <![CDATA[<a target = "_blank" href=C:\Users\VidhiPrime\IdeaProjects\week15-page-factory-xyz-bank/test-output/html/bankManagerShouldOpenAccountSuccessfullyTue_Dec_13_14_19_01_GMT_2022.jpg><img src=C:\Users\VidhiPrime\IdeaProjects\week15-page-factory-xyz-bank/test-output/html/bankManagerShouldOpenAccountSuccessfullyTue_Dec_13_14_19_01_GMT_2022.jpg height=200 width=200></img></a>]]>
    </line>
  </reporter-output>
  <suite name="Smoke Suite" duration-ms="8411" started-at="2022-12-13T14:18:53 GMT" finished-at="2022-12-13T14:19:02 GMT">
    <groups>
      <group name="regression">
        <method signature="BankTest.bankManagerShouldOpenAccountSuccessfully()[pri:0, instance:com.way2automation.testsuite.BankTest@2781e022]" name="bankManagerShouldOpenAccountSuccessfully" class="com.way2automation.testsuite.BankTest"/>
      </group> <!-- regression -->
      <group name="smoke">
        <method signature="BankTest.bankManagerShouldOpenAccountSuccessfully()[pri:0, instance:com.way2automation.testsuite.BankTest@2781e022]" name="bankManagerShouldOpenAccountSuccessfully" class="com.way2automation.testsuite.BankTest"/>
      </group> <!-- smoke -->
    </groups>
    <test name="Smoke Test" duration-ms="8411" started-at="2022-12-13T14:18:53 GMT" finished-at="2022-12-13T14:19:02 GMT">
      <class name="com.way2automation.testsuite.BankTest">
        <test-method status="PASS" signature="setUp()[pri:0, instance:com.way2automation.testsuite.BankTest@2781e022]" name="setUp" is-config="true" duration-ms="4243" started-at="2022-12-13T14:18:54 GMT" finished-at="2022-12-13T14:18:58 GMT">
          <reporter-output>
          </reporter-output>
        </test-method> <!-- setUp -->
        <test-method status="PASS" signature="inIt()[pri:0, instance:com.way2automation.testsuite.BankTest@2781e022]" name="inIt" is-config="true" duration-ms="29" started-at="2022-12-13T14:18:58 GMT" finished-at="2022-12-13T14:18:58 GMT">
          <reporter-output>
          </reporter-output>
        </test-method> <!-- inIt -->
        <test-method status="FAIL" signature="bankManagerShouldOpenAccountSuccessfully()[pri:0, instance:com.way2automation.testsuite.BankTest@2781e022]" name="bankManagerShouldOpenAccountSuccessfully" duration-ms="2680" started-at="2022-12-13T14:18:58 GMT" finished-at="2022-12-13T14:19:01 GMT">
          <exception class="org.openqa.selenium.StaleElementReferenceException">
            <message>
              <![CDATA[stale element reference: element is not attached to the page document
  (Session info: chrome=108.0.5359.99)
For documentation on this error, please visit: https://selenium.dev/exceptions/#stale_element_reference
Build info: version: '4.6.0', revision: '79f1c02ae20'
System info: os.name: 'Windows 10', os.arch: 'amd64', os.version: '10.0', java.version: '1.8.0_121'
Driver info: org.openqa.selenium.chrome.ChromeDriver
Command: [b8244b65c6422c86152d2eca75c0ee52, clickElement {id=e561c70d-9f71-4aee-ad11-a915b462ee27}]
Capabilities {acceptInsecureCerts: false, browserName: chrome, browserVersion: 108.0.5359.99, chrome: {chromedriverVersion: 108.0.5359.71 (1e0e3868ee06..., userDataDir: C:\Users\VIDHIP~1\AppData\L...}, goog:chromeOptions: {debuggerAddress: localhost:65273}, networkConnectionEnabled: false, pageLoadStrategy: normal, platformName: WINDOWS, proxy: Proxy(), se:cdp: ws://localhost:65273/devtoo..., se:cdpVersion: 108.0.5359.99, setWindowRect: true, strictFileInteractability: false, timeouts: {implicit: 0, pageLoad: 300000, script: 30000}, unhandledPromptBehavior: dismiss and notify, webauthn:extension:credBlob: true, webauthn:extension:largeBlob: true, webauthn:virtualAuthenticators: true}
Element: [[ChromeDriver: chrome on WINDOWS (b8244b65c6422c86152d2eca75c0ee52)] -> xpath: //button[text()='Bank Manager Login']]
Session ID: b8244b65c6422c86152d2eca75c0ee52]]>
            </message>
            <full-stacktrace>
              <![CDATA[org.openqa.selenium.StaleElementReferenceException: stale element reference: element is not attached to the page document
  (Session info: chrome=108.0.5359.99)
For documentation on this error, please visit: https://selenium.dev/exceptions/#stale_element_reference
Build info: version: '4.6.0', revision: '79f1c02ae20'
System info: os.name: 'Windows 10', os.arch: 'amd64', os.version: '10.0', java.version: '1.8.0_121'
Driver info: org.openqa.selenium.chrome.ChromeDriver
Command: [b8244b65c6422c86152d2eca75c0ee52, clickElement {id=e561c70d-9f71-4aee-ad11-a915b462ee27}]
Capabilities {acceptInsecureCerts: false, browserName: chrome, browserVersion: 108.0.5359.99, chrome: {chromedriverVersion: 108.0.5359.71 (1e0e3868ee06..., userDataDir: C:\Users\VIDHIP~1\AppData\L...}, goog:chromeOptions: {debuggerAddress: localhost:65273}, networkConnectionEnabled: false, pageLoadStrategy: normal, platformName: WINDOWS, proxy: Proxy(), se:cdp: ws://localhost:65273/devtoo..., se:cdpVersion: 108.0.5359.99, setWindowRect: true, strictFileInteractability: false, timeouts: {implicit: 0, pageLoad: 300000, script: 30000}, unhandledPromptBehavior: dismiss and notify, webauthn:extension:credBlob: true, webauthn:extension:largeBlob: true, webauthn:virtualAuthenticators: true}
Element: [[ChromeDriver: chrome on WINDOWS (b8244b65c6422c86152d2eca75c0ee52)] -> xpath: //button[text()='Bank Manager Login']]
Session ID: b8244b65c6422c86152d2eca75c0ee52
at sun.reflect.NativeConstructorAccessorImpl.newInstance0(Native Method)
at sun.reflect.NativeConstructorAccessorImpl.newInstance(NativeConstructorAccessorImpl.java:62)
at sun.reflect.DelegatingConstructorAccessorImpl.newInstance(DelegatingConstructorAccessorImpl.java:45)
at java.lang.reflect.Constructor.newInstance(Constructor.java:423)
at org.openqa.selenium.remote.codec.w3c.W3CHttpResponseCodec.createException(W3CHttpResponseCodec.java:200)
at org.openqa.selenium.remote.codec.w3c.W3CHttpResponseCodec.decode(W3CHttpResponseCodec.java:133)
at org.openqa.selenium.remote.codec.w3c.W3CHttpResponseCodec.decode(W3CHttpResponseCodec.java:53)
at org.openqa.selenium.remote.HttpCommandExecutor.execute(HttpCommandExecutor.java:184)
at org.openqa.selenium.remote.service.DriverCommandExecutor.invokeExecute(DriverCommandExecutor.java:167)
at org.openqa.selenium.remote.service.DriverCommandExecutor.execute(DriverCommandExecutor.java:142)
at org.openqa.selenium.remote.RemoteWebDriver.execute(RemoteWebDriver.java:541)
at org.openqa.selenium.remote.RemoteWebElement.execute(RemoteWebElement.java:257)
at org.openqa.selenium.remote.RemoteWebElement.click(RemoteWebElement.java:78)
at sun.reflect.NativeMethodAccessorImpl.invoke0(Native Method)
at sun.reflect.NativeMethodAccessorImpl.invoke(NativeMethodAccessorImpl.java:62)
at sun.reflect.DelegatingMethodAccessorImpl.invoke(DelegatingMethodAccessorImpl.java:43)
at java.lang.reflect.Method.invoke(Method.java:498)
at org.openqa.selenium.support.pagefactory.internal.LocatingElementHandler.invoke(LocatingElementHandler.java:52)
at com.sun.proxy.$Proxy16.click(Unknown Source)
at com.way2automation.utility.Utility.clickOnElement(Utility.java:57)
at com.way2automation.pages.HomePage.clickOnBankManagerLoginButton(HomePage.java:33)
at com.way2automation.testsuite.BankTest.bankManagerShouldOpenAccountSuccessfully(BankTest.java:56)
at sun.reflect.NativeMethodAccessorImpl.invoke0(Native Method)
at sun.reflect.NativeMethodAccessorImpl.invoke(NativeMethodAccessorImpl.java:62)
at sun.reflect.DelegatingMethodAccessorImpl.invoke(DelegatingMethodAccessorImpl.java:43)
at java.lang.reflect.Method.invoke(Method.java:498)
at org.testng.internal.invokers.MethodInvocationHelper.invokeMethod(MethodInvocationHelper.java:135)
at org.testng.internal.invokers.TestInvoker.invokeMethod(TestInvoker.java:673)
at org.testng.internal.invokers.TestInvoker.invokeTestMethod(TestInvoker.java:220)
at org.testng.internal.invokers.MethodRunner.runInSequence(MethodRunner.java:50)
at org.testng.internal.invokers.TestInvoker$MethodInvocationAgent.invoke(TestInvoker.java:945)
at org.testng.internal.invokers.TestInvoker.invokeTestMethods(TestInvoker.java:193)
at org.testng.internal.invokers.TestMethodWorker.invokeTestMethods(TestMethodWorker.java:146)
at org.testng.internal.invokers.TestMethodWorker.run(TestMethodWorker.java:128)
at java.util.ArrayList.forEach(ArrayList.java:1249)
at org.testng.TestRunner.privateRun(TestRunner.java:808)
at org.testng.TestRunner.run(TestRunner.java:603)
at org.testng.SuiteRunner.runTest(SuiteRunner.java:429)
at org.testng.SuiteRunner.runSequentially(SuiteRunner.java:423)
at org.testng.SuiteRunner.privateRun(SuiteRunner.java:383)
at org.testng.SuiteRunner.run(SuiteRunner.java:326)
at org.testng.SuiteRunnerWorker.runSuite(SuiteRunnerWorker.java:52)
at org.testng.SuiteRunnerWorker.run(SuiteRunnerWorker.java:95)
at org.testng.TestNG.runSuitesSequentially(TestNG.java:1249)
at org.testng.TestNG.runSuitesLocally(TestNG.java:1169)
at org.testng.TestNG.runSuites(TestNG.java:1092)
at org.testng.TestNG.run(TestNG.java:1060)
at com.intellij.rt.testng.IDEARemoteTestNG.run(IDEARemoteTestNG.java:66)
at com.intellij.rt.testng.RemoteTestNGStarter.main(RemoteTestNGStarter.java:109)
]]>
            </full-stacktrace>
          </exception> <!-- org.openqa.selenium.StaleElementReferenceException -->
          <reporter-output>
            <line>
              <![CDATA[Enter first name : [[ChromeDriver: chrome on WINDOWS (b8244b65c6422c86152d2eca75c0ee52)] -> xpath: /html[1]/body[1]/div[3]/div[1]/div[2]/div[1]/div[2]/div[1]/div[1]/form[1]/div[1]/input[1]]]]>
            </line>
            <line>
              <![CDATA[Enter last name : [[ChromeDriver: chrome on WINDOWS (b8244b65c6422c86152d2eca75c0ee52)] -> xpath: //input[@placeholder='Last Name']]]]>
            </line>
            <line>
              <![CDATA[Enter postcode : [[ChromeDriver: chrome on WINDOWS (b8244b65c6422c86152d2eca75c0ee52)] -> xpath: //input[@placeholder='Post Code']]]]>
            </line>
            <line>
              <![CDATA[Click on add customer button : [[ChromeDriver: chrome on WINDOWS (b8244b65c6422c86152d2eca75c0ee52)] -> xpath: //button[text()='Add Customer']]]]>
            </line>
            <line>
              <![CDATA[Click to see screenshot]]>
            </line>
            <line>
              <![CDATA[<a target = "_blank" href=C:\Users\VidhiPrime\IdeaProjects\week15-page-factory-xyz-bank/test-output/html/bankManagerShouldOpenAccountSuccessfullyTue_Dec_13_14_19_01_GMT_2022.jpg>Screenshot</a>]]>
            </line>
            <line>
              <![CDATA[<br>]]>
            </line>
            <line>
              <![CDATA[<br>]]>
            </line>
            <line>
              <![CDATA[<a target = "_blank" href=C:\Users\VidhiPrime\IdeaProjects\week15-page-factory-xyz-bank/test-output/html/bankManagerShouldOpenAccountSuccessfullyTue_Dec_13_14_19_01_GMT_2022.jpg><img src=C:\Users\VidhiPrime\IdeaProjects\week15-page-factory-xyz-bank/test-output/html/bankManagerShouldOpenAccountSuccessfullyTue_Dec_13_14_19_01_GMT_2022.jpg height=200 width=200></img></a>]]>
            </line>
          </reporter-output>
        </test-method> <!-- bankManagerShouldOpenAccountSuccessfully -->
        <test-method status="PASS" signature="tearDown()[pri:0, instance:com.way2automation.testsuite.BankTest@2781e022]" name="tearDown" is-config="true" duration-ms="644" started-at="2022-12-13T14:19:01 GMT" finished-at="2022-12-13T14:19:02 GMT">
          <reporter-output>
          </reporter-output>
        </test-method> <!-- tearDown -->
      </class> <!-- com.way2automation.testsuite.BankTest -->
    </test> <!-- Smoke Test -->
  </suite> <!-- Smoke Suite -->
</testng-results>
